<?xml version="1.0" encoding="UTF-8"?>
<!-- Generated by org.testng.reporters.JUnitXMLReporter -->
<testsuite ignored="1" hostname="DESKTOP-5RTH0OK" failures="0" tests="1" name="Default test" time="6.428" errors="0" timestamp="2026-09-18T19:07:29 EET">
  <testcase classname="tests.LoginPage" name="LoginWithInvalidPassword" time="0.719"/>
  <testcase classname="tests.LoginPage" name="LoginWithValidData" time="0.0">
    <ignored/>
  </testcase> <!-- LoginWithValidData -->
</testsuite> <!-- Default test -->
