<?xml version="1.0" encoding="UTF-8"?>
<!-- Generated by org.testng.reporters.JUnitXMLReporter -->
<testsuite ignored="6" hostname="DESKTOP-5RTH0OK" failures="0" tests="1" name="Default test" time="5.852" errors="0" timestamp="2026-09-19T12:21:40 EET">
  <testcase classname="tests.LoginPage" name="LoginWithInvalidEmailFormat" time="0.402"/>
  <testcase classname="tests.LoginPage" name="LoginWithInvalidEmail" time="0.0">
    <ignored/>
  </testcase> <!-- LoginWithInvalidEmail -->
  <testcase classname="tests.LoginPage" name="LoginWithValidData" time="0.0">
    <ignored/>
  </testcase> <!-- LoginWithValidData -->
  <testcase classname="tests.LoginPage" name="LoginWithEmptyField" time="0.0">
    <ignored/>
  </testcase> <!-- LoginWithEmptyField -->
  <testcase classname="tests.LoginPage" name="LoginWithInvalidPassword" time="0.0">
    <ignored/>
  </testcase> <!-- LoginWithInvalidPassword -->
  <testcase classname="tests.LoginPage" name="LoginWithEmptyEmail" time="0.0">
    <ignored/>
  </testcase> <!-- LoginWithEmptyEmail -->
  <testcase classname="tests.LoginPage" name="LoginWithEmptyPassword" time="0.0">
    <ignored/>
  </testcase> <!-- LoginWithEmptyPassword -->
</testsuite> <!-- Default test -->
