<?xml version="1.0" encoding="UTF-8"?>
<testng-results ignored="1" total="3" passed="2" failed="0" skipped="0">
  <reporter-output>
  </reporter-output>
  <suite started-at="2026-09-18T19:15:36 EET" name="Default suite" finished-at="2026-09-18T19:15:48 EET" duration-ms="12337">
    <groups>
    </groups>
    <test started-at="2026-09-18T19:15:36 EET" name="Default test" finished-at="2026-09-18T19:15:48 EET" duration-ms="12337">
      <class name="tests.LoginPage">
        <test-method is-config="true" signature="MySetup()[pri:0, instance:tests.LoginPage@65fb9ffc]" started-at="2026-09-18T19:15:36 EET" name="MySetup" finished-at="2026-09-18T19:15:38 EET" duration-ms="2829" status="PASS">
          <reporter-output>
          </reporter-output>
        </test-method> <!-- MySetup -->
        <test-method signature="LoginWithInvalidEmail()[pri:0, instance:tests.LoginPage@65fb9ffc]" started-at="2026-09-18T19:15:38 EET" name="LoginWithInvalidEmail" finished-at="2026-09-18T19:15:39 EET" duration-ms="642" status="PASS">
          <reporter-output>
          </reporter-output>
        </test-method> <!-- LoginWithInvalidEmail -->
        <test-method is-config="true" signature="CloseBrowser()[pri:0, instance:tests.LoginPage@65fb9ffc]" started-at="2026-09-18T19:15:39 EET" name="CloseBrowser" finished-at="2026-09-18T19:15:42 EET" duration-ms="3251" status="PASS">
          <reporter-output>
          </reporter-output>
        </test-method> <!-- CloseBrowser -->
        <test-method is-config="true" signature="MySetup()[pri:0, instance:tests.LoginPage@65fb9ffc]" started-at="2026-09-18T19:15:42 EET" name="MySetup" finished-at="2026-09-18T19:15:44 EET" duration-ms="1508" status="PASS">
          <reporter-output>
          </reporter-output>
        </test-method> <!-- MySetup -->
        <test-method signature="LoginWithInvalidPassword()[pri:0, instance:tests.LoginPage@65fb9ffc]" started-at="2026-09-18T19:15:44 EET" name="LoginWithInvalidPassword" finished-at="2026-09-18T19:15:45 EET" duration-ms="850" status="PASS">
          <reporter-output>
          </reporter-output>
        </test-method> <!-- LoginWithInvalidPassword -->
        <test-method is-config="true" signature="CloseBrowser()[pri:0, instance:tests.LoginPage@65fb9ffc]" started-at="2026-09-18T19:15:45 EET" name="CloseBrowser" finished-at="2026-09-18T19:15:48 EET" duration-ms="3199" status="PASS">
          <reporter-output>
          </reporter-output>
        </test-method> <!-- CloseBrowser -->
      </class> <!-- tests.LoginPage -->
    </test> <!-- Default test -->
  </suite> <!-- Default suite -->
</testng-results>
