<?xml version="1.0" encoding="UTF-8"?>
<testng-results ignored="6" total="7" passed="1" failed="0" skipped="0">
  <reporter-output>
  </reporter-output>
  <suite started-at="2026-09-19T12:21:34 EET" name="Default suite" finished-at="2026-09-19T12:21:40 EET" duration-ms="5852">
    <groups>
    </groups>
    <test started-at="2026-09-19T12:21:34 EET" name="Default test" finished-at="2026-09-19T12:21:40 EET" duration-ms="5852">
      <class name="tests.LoginPage">
        <test-method is-config="true" signature="MySetup()[pri:0, instance:tests.LoginPage@41d477ed]" started-at="2026-09-19T12:21:34 EET" name="MySetup" finished-at="2026-09-19T12:21:36 EET" duration-ms="2207" status="PASS">
          <reporter-output>
          </reporter-output>
        </test-method> <!-- MySetup -->
        <test-method signature="LoginWithInvalidEmailFormat()[pri:0, instance:tests.LoginPage@41d477ed]" started-at="2026-09-19T12:21:36 EET" name="LoginWithInvalidEmailFormat" finished-at="2026-09-19T12:21:36 EET" duration-ms="402" status="PASS">
          <reporter-output>
          </reporter-output>
        </test-method> <!-- LoginWithInvalidEmailFormat -->
        <test-method is-config="true" signature="CloseBrowser()[pri:0, instance:tests.LoginPage@41d477ed]" started-at="2026-09-19T12:21:36 EET" name="CloseBrowser" finished-at="2026-09-19T12:21:40 EET" duration-ms="3198" status="PASS">
          <reporter-output>
          </reporter-output>
        </test-method> <!-- CloseBrowser -->
      </class> <!-- tests.LoginPage -->
    </test> <!-- Default test -->
  </suite> <!-- Default suite -->
</testng-results>
