<?xml version="1.0" encoding="UTF-8"?>
<!-- Generated by org.testng.reporters.JUnitReportReporter -->
<testsuite hostname="DESKTOP-5RTH0OK" failures="0" tests="2" name="tests.LoginPage" time="6.381" errors="0" timestamp="2026-09-18T19:07:29 EET" skipped="1">
  <testcase classname="tests.LoginPage" name="LoginWithInvalidPassword" time="6.381"/>
  <testcase classname="tests.LoginPage" name="LoginWithValidData">
    <skipped/>
  </testcase> <!-- LoginWithValidData -->
</testsuite> <!-- tests.LoginPage -->
