<?xml version="1.0" encoding="UTF-8"?>
<!-- Generated by org.testng.reporters.JUnitReportReporter -->
<testsuite hostname="DESKTOP-5RTH0OK" failures="0" tests="3" name="tests.LoginPage" time="12.279" errors="0" timestamp="2026-09-18T19:15:48 EET" skipped="1">
  <testcase classname="tests.LoginPage" name="LoginWithInvalidPassword" time="6.930"/>
  <testcase classname="tests.LoginPage" name="LoginWithInvalidEmail" time="5.349"/>
  <testcase classname="tests.LoginPage" name="LoginWithValidData">
    <skipped/>
  </testcase> <!-- LoginWithValidData -->
</testsuite> <!-- tests.LoginPage -->
